2022-07-04_15-07-14 [restartedMain] INFO  c.c.a.AuthorizatiionMicroserviceApplication - Starting AuthorizatiionMicroserviceApplication using Java 17.0.2 on LAPTOP-EGMGQLD1 with PID 9060 (C:\Users\ADARSH\OneDrive\Desktop\ClaimManagementMFPEvats\ClaimManagementMFPEvats\ClaimManagementMFPE\Cognizant-MFPE-Project-main\Backend-Spring Boot\MFPE-authorizatiion\target\classes started by ADARSH in C:\Users\ADARSH\OneDrive\Desktop\ClaimManagementMFPEvats\ClaimManagementMFPEvats\ClaimManagementMFPE\Cognizant-MFPE-Project-main\Backend-Spring Boot\MFPE-authorizatiion)
2022-07-04_15-07-14 [restartedMain] INFO  c.c.a.AuthorizatiionMicroserviceApplication - No active profile set, falling back to default profiles: default
2022-07-04_15-07-14 [restartedMain] INFO  o.s.b.d.e.DevToolsPropertyDefaultsPostProcessor - Devtools property defaults active! Set 'spring.devtools.add-properties' to 'false' to disable
2022-07-04_15-07-14 [restartedMain] INFO  o.s.b.d.e.DevToolsPropertyDefaultsPostProcessor - For additional web related logging consider setting the 'logging.level.web' property to 'DEBUG'
2022-07-04_15-07-14 [restartedMain] INFO  o.s.d.r.c.RepositoryConfigurationDelegate - Bootstrapping Spring Data JPA repositories in DEFAULT mode.
2022-07-04_15-07-14 [restartedMain] INFO  o.s.d.r.c.RepositoryConfigurationDelegate - Finished Spring Data repository scanning in 40 ms. Found 1 JPA repository interfaces.
2022-07-04_15-07-14 [restartedMain] INFO  o.s.cloud.context.scope.GenericScope - BeanFactory id=bc835a7b-e37d-385d-8407-3a426b879bd3
2022-07-04_15-07-14 [restartedMain] INFO  o.s.b.w.e.tomcat.TomcatWebServer - Tomcat initialized with port(s): 8400 (http)
2022-07-04_15-07-14 [restartedMain] INFO  o.a.coyote.http11.Http11NioProtocol - Initializing ProtocolHandler ["http-nio-8400"]
2022-07-04_15-07-14 [restartedMain] INFO  o.a.catalina.core.StandardService - Starting service [Tomcat]
2022-07-04_15-07-14 [restartedMain] INFO  o.a.catalina.core.StandardEngine - Starting Servlet engine: [Apache Tomcat/9.0.41]
2022-07-04_15-07-14 [restartedMain] INFO  o.a.c.c.C.[Tomcat].[localhost].[/] - Initializing Spring embedded WebApplicationContext
2022-07-04_15-07-14 [restartedMain] INFO  o.s.b.w.s.c.ServletWebServerApplicationContext - Root WebApplicationContext: initialization completed in 1237 ms
2022-07-04_15-07-14 [restartedMain] INFO  o.h.jpa.internal.util.LogHelper - HHH000204: Processing PersistenceUnitInfo [name: default]
2022-07-04_15-07-14 [restartedMain] INFO  org.hibernate.Version - HHH000412: Hibernate ORM core version 5.4.27.Final
2022-07-04_15-07-14 [restartedMain] INFO  o.h.annotations.common.Version - HCANN000001: Hibernate Commons Annotations {5.1.2.Final}
2022-07-04_15-07-14 [restartedMain] INFO  com.zaxxer.hikari.HikariDataSource - HikariPool-1 - Starting...
2022-07-04_15-07-14 [restartedMain] INFO  com.zaxxer.hikari.HikariDataSource - HikariPool-1 - Start completed.
2022-07-04_15-07-14 [restartedMain] INFO  org.hibernate.dialect.Dialect - HHH000400: Using dialect: org.hibernate.dialect.MySQL8Dialect
2022-07-04_15-07-14 [restartedMain] INFO  o.h.e.t.j.p.i.JtaPlatformInitiator - HHH000490: Using JtaPlatform implementation: [org.hibernate.engine.transaction.jta.platform.internal.NoJtaPlatform]
2022-07-04_15-07-14 [restartedMain] INFO  o.s.o.j.LocalContainerEntityManagerFactoryBean - Initialized JPA EntityManagerFactory for persistence unit 'default'
2022-07-04_15-07-14 [restartedMain] INFO  o.s.b.d.a.OptionalLiveReloadServer - LiveReload server is running on port 35729
2022-07-04_15-07-14 [restartedMain] INFO  s.d.s.w.PropertySourcedRequestMappingHandlerMapping - Mapped URL path [/v2/api-docs] onto method [springfox.documentation.swagger2.web.Swagger2Controller#getDocumentation(String, HttpServletRequest)]
2022-07-04_15-07-14 [restartedMain] INFO  o.s.s.web.DefaultSecurityFilterChain - Will secure any request with [org.springframework.security.web.context.request.async.WebAsyncManagerIntegrationFilter@7d6846b5, org.springframework.security.web.context.SecurityContextPersistenceFilter@29ef3ac7, org.springframework.security.web.header.HeaderWriterFilter@3f1f3617, org.springframework.security.web.authentication.logout.LogoutFilter@54af3fb9, com.cts.authorization.config.JwtRequestFilter@a9b960, org.springframework.security.web.savedrequest.RequestCacheAwareFilter@68705d41, org.springframework.security.web.servletapi.SecurityContextHolderAwareRequestFilter@5d561104, org.springframework.security.web.authentication.AnonymousAuthenticationFilter@63ddf128, org.springframework.security.web.session.SessionManagementFilter@1e910fdf, org.springframework.security.web.access.ExceptionTranslationFilter@2520eb63, org.springframework.security.web.access.intercept.FilterSecurityInterceptor@6922421b]
2022-07-04_15-07-14 [restartedMain] INFO  o.s.s.c.ThreadPoolTaskExecutor - Initializing ExecutorService 'applicationTaskExecutor'
2022-07-04_15-07-14 [restartedMain] INFO  o.a.coyote.http11.Http11NioProtocol - Starting ProtocolHandler ["http-nio-8400"]
2022-07-04_15-07-14 [restartedMain] INFO  o.s.b.w.e.tomcat.TomcatWebServer - Tomcat started on port(s): 8400 (http) with context path ''
2022-07-04_15-07-14 [restartedMain] INFO  s.d.s.w.p.DocumentationPluginsBootstrapper - Context refreshed
2022-07-04_15-07-14 [restartedMain] INFO  s.d.s.w.p.DocumentationPluginsBootstrapper - Found 1 custom documentation plugin(s)
2022-07-04_15-07-14 [restartedMain] INFO  s.d.s.w.s.ApiListingReferenceScanner - Scanning for api listing references
2022-07-04_15-07-14 [restartedMain] INFO  c.c.a.AuthorizatiionMicroserviceApplication - Started AuthorizatiionMicroserviceApplication in 3.728 seconds (JVM running for 4.479)
2022-07-04_15-07-14 [http-nio-8400-exec-1] INFO  o.a.c.c.C.[Tomcat].[localhost].[/] - Initializing Spring DispatcherServlet 'dispatcherServlet'
2022-07-04_15-07-14 [http-nio-8400-exec-1] INFO  o.s.web.servlet.DispatcherServlet - Initializing Servlet 'dispatcherServlet'
2022-07-04_15-07-14 [http-nio-8400-exec-1] INFO  o.s.web.servlet.DispatcherServlet - Completed initialization in 1 ms
2022-07-04_15-07-14 [RMI TCP Connection(116)-127.0.0.1] INFO  o.s.b.a.SpringApplicationAdminMXBeanRegistrar$SpringApplicationAdmin - Application shutdown requested.
2022-07-04_15-07-14 [RMI TCP Connection(116)-127.0.0.1] INFO  o.s.s.c.ThreadPoolTaskExecutor - Shutting down ExecutorService 'applicationTaskExecutor'
2022-07-04_15-07-14 [RMI TCP Connection(116)-127.0.0.1] INFO  o.s.o.j.LocalContainerEntityManagerFactoryBean - Closing JPA EntityManagerFactory for persistence unit 'default'
2022-07-04_15-07-14 [RMI TCP Connection(116)-127.0.0.1] INFO  com.zaxxer.hikari.HikariDataSource - HikariPool-1 - Shutdown initiated...
2022-07-04_15-07-14 [RMI TCP Connection(116)-127.0.0.1] INFO  com.zaxxer.hikari.HikariDataSource - HikariPool-1 - Shutdown completed.
