2023-01-11_21-14-36 [restartedMain] INFO  c.c.a.AuthorizatiionMicroserviceApplication - Starting AuthorizatiionMicroserviceApplication using Java 18.0.2.1 on LAPTOP-R3PKOKQV with PID 5400 (D:\CLAIM-MANAGEMENT-SYSTEM\MFPE-Backend\MFPE-authorizatiion\target\classes started by mdadn in D:\CLAIM-MANAGEMENT-SYSTEM\MFPE-Backend)
2023-01-11_21-14-36 [restartedMain] INFO  c.c.a.AuthorizatiionMicroserviceApplication - No active profile set, falling back to default profiles: default
2023-01-11_21-14-36 [restartedMain] INFO  o.s.b.d.e.DevToolsPropertyDefaultsPostProcessor - Devtools property defaults active! Set 'spring.devtools.add-properties' to 'false' to disable
2023-01-11_21-14-36 [restartedMain] INFO  o.s.b.d.e.DevToolsPropertyDefaultsPostProcessor - For additional web related logging consider setting the 'logging.level.web' property to 'DEBUG'
2023-01-11_21-14-36 [restartedMain] INFO  o.s.d.r.c.RepositoryConfigurationDelegate - Bootstrapping Spring Data JPA repositories in DEFAULT mode.
2023-01-11_21-14-36 [restartedMain] INFO  o.s.d.r.c.RepositoryConfigurationDelegate - Finished Spring Data repository scanning in 130 ms. Found 2 JPA repository interfaces.
2023-01-11_21-14-36 [restartedMain] INFO  o.s.cloud.context.scope.GenericScope - BeanFactory id=9adea645-a4bb-35d6-aaae-46a6b4e9601e
2023-01-11_21-14-36 [restartedMain] INFO  o.s.b.w.e.tomcat.TomcatWebServer - Tomcat initialized with port(s): 8400 (http)
2023-01-11_21-14-36 [restartedMain] INFO  o.a.coyote.http11.Http11NioProtocol - Initializing ProtocolHandler ["http-nio-8400"]
2023-01-11_21-14-36 [restartedMain] INFO  o.a.catalina.core.StandardService - Starting service [Tomcat]
2023-01-11_21-14-36 [restartedMain] INFO  o.a.catalina.core.StandardEngine - Starting Servlet engine: [Apache Tomcat/9.0.41]
2023-01-11_21-14-36 [restartedMain] INFO  o.a.c.c.C.[Tomcat].[localhost].[/] - Initializing Spring embedded WebApplicationContext
2023-01-11_21-14-36 [restartedMain] INFO  o.s.b.w.s.c.ServletWebServerApplicationContext - Root WebApplicationContext: initialization completed in 3585 ms
2023-01-11_21-14-36 [restartedMain] INFO  o.h.jpa.internal.util.LogHelper - HHH000204: Processing PersistenceUnitInfo [name: default]
2023-01-11_21-14-36 [restartedMain] INFO  org.hibernate.Version - HHH000412: Hibernate ORM core version 5.4.27.Final
2023-01-11_21-14-36 [restartedMain] INFO  o.h.annotations.common.Version - HCANN000001: Hibernate Commons Annotations {5.1.2.Final}
2023-01-11_21-14-36 [restartedMain] INFO  com.zaxxer.hikari.HikariDataSource - HikariPool-1 - Starting...
2023-01-11_21-14-36 [restartedMain] INFO  com.zaxxer.hikari.HikariDataSource - HikariPool-1 - Start completed.
2023-01-11_21-14-36 [restartedMain] INFO  org.hibernate.dialect.Dialect - HHH000400: Using dialect: org.hibernate.dialect.MySQL8Dialect
2023-01-11_21-14-36 [restartedMain] INFO  o.h.e.t.j.p.i.JtaPlatformInitiator - HHH000490: Using JtaPlatform implementation: [org.hibernate.engine.transaction.jta.platform.internal.NoJtaPlatform]
2023-01-11_21-14-36 [restartedMain] INFO  o.s.o.j.LocalContainerEntityManagerFactoryBean - Initialized JPA EntityManagerFactory for persistence unit 'default'
2023-01-11_21-14-36 [restartedMain] INFO  o.s.b.d.a.OptionalLiveReloadServer - LiveReload server is running on port 35729
2023-01-11_21-14-36 [restartedMain] INFO  o.s.s.web.DefaultSecurityFilterChain - Will secure any request with [org.springframework.security.web.context.request.async.WebAsyncManagerIntegrationFilter@1b92fc12, org.springframework.security.web.context.SecurityContextPersistenceFilter@7946a370, org.springframework.security.web.header.HeaderWriterFilter@78d39bbd, org.springframework.security.web.authentication.logout.LogoutFilter@4a74c997, com.cts.authorization.filter.JwtAuthFilter@6d05926f, org.springframework.security.web.savedrequest.RequestCacheAwareFilter@4a7f6a9a, org.springframework.security.web.servletapi.SecurityContextHolderAwareRequestFilter@53173b1, org.springframework.security.web.authentication.AnonymousAuthenticationFilter@2e1feabe, org.springframework.security.web.session.SessionManagementFilter@38ff40a3, org.springframework.security.web.access.ExceptionTranslationFilter@4f7076a9, org.springframework.security.web.access.intercept.FilterSecurityInterceptor@3b6f8c1e]
2023-01-11_21-14-36 [restartedMain] INFO  o.s.s.c.ThreadPoolTaskExecutor - Initializing ExecutorService 'applicationTaskExecutor'
2023-01-11_21-14-36 [restartedMain] INFO  o.a.coyote.http11.Http11NioProtocol - Starting ProtocolHandler ["http-nio-8400"]
2023-01-11_21-14-36 [restartedMain] INFO  o.s.b.w.e.tomcat.TomcatWebServer - Tomcat started on port(s): 8400 (http) with context path ''
2023-01-11_21-14-36 [restartedMain] INFO  c.c.a.AuthorizatiionMicroserviceApplication - Started AuthorizatiionMicroserviceApplication in 9.629 seconds (JVM running for 11.112)
2023-01-11_21-14-36 [restartedMain] INFO  c.c.a.service.UserServiceImpl - saving new Role ROLE_USER in databases
2023-01-11_21-14-36 [restartedMain] INFO  c.c.a.service.UserServiceImpl - saving new Role ROLE_MANAGER in databases
2023-01-11_21-14-36 [restartedMain] INFO  c.c.a.service.UserServiceImpl - saving new Role ROLE_DEVELOPER in databases
2023-01-11_21-14-36 [restartedMain] INFO  c.c.a.service.UserServiceImpl - saving new Role ROLE_ADMIN in databases
2023-01-11_21-14-36 [restartedMain] INFO  c.c.a.service.UserServiceImpl - saving new User adnan_1605 in database
2023-01-11_21-14-36 [restartedMain] INFO  c.c.a.service.UserServiceImpl - saving new User irfan in database
2023-01-11_21-14-36 [restartedMain] INFO  c.c.a.service.UserServiceImpl - saving new User sumit in database
2023-01-11_21-14-36 [restartedMain] INFO  c.c.a.service.UserServiceImpl - saving new User kshitiz in database
2023-01-11_21-14-36 [http-nio-8400-exec-1] INFO  o.a.c.c.C.[Tomcat].[localhost].[/] - Initializing Spring DispatcherServlet 'dispatcherServlet'
2023-01-11_21-14-36 [http-nio-8400-exec-1] INFO  o.s.web.servlet.DispatcherServlet - Initializing Servlet 'dispatcherServlet'
2023-01-11_21-14-36 [http-nio-8400-exec-1] INFO  o.s.web.servlet.DispatcherServlet - Completed initialization in 2 ms
2023-01-11_21-14-36 [http-nio-8400-exec-1] INFO  c.c.a.filter.JwtAuthFilter - null
2023-01-11_21-14-36 [http-nio-8400-exec-4] INFO  c.c.a.filter.JwtAuthFilter - null
2023-01-11_21-14-36 [http-nio-8400-exec-4] INFO  c.c.a.service.UserServiceImpl - user found in data base : irfan
2023-01-11_21-14-36 [http-nio-8400-exec-4] INFO  c.c.a.service.UserServiceImpl - user found in data base : irfan
2023-01-11_21-14-36 [http-nio-8400-exec-4] INFO  c.c.a.c.JwtAuthenticationController - org.springframework.security.core.userdetails.User [Username=irfan, Password=[PROTECTED], Enabled=true, AccountNonExpired=true, credentialsNonExpired=true, AccountNonLocked=true, Granted Authorities=[ROLE_USER]]
2023-01-11_21-14-36 [http-nio-8400-exec-6] INFO  c.c.a.filter.JwtAuthFilter - null
2023-01-11_21-14-36 [http-nio-8400-exec-6] INFO  c.c.a.service.UserServiceImpl - user found in data base : irfan
2023-01-11_21-14-36 [http-nio-8400-exec-8] INFO  c.c.a.filter.JwtAuthFilter - null
2023-01-11_21-14-36 [http-nio-8400-exec-1] INFO  c.c.a.filter.JwtAuthFilter - null
2023-01-11_21-14-36 [http-nio-8400-exec-3] INFO  c.c.a.filter.JwtAuthFilter - null
2023-01-11_21-14-36 [http-nio-8400-exec-4] INFO  c.c.a.filter.JwtAuthFilter - null
2023-01-11_21-14-36 [http-nio-8400-exec-4] INFO  c.c.a.service.UserServiceImpl - user found in data base : adnan_1605
2023-01-11_21-14-36 [http-nio-8400-exec-4] INFO  c.c.a.service.UserServiceImpl - user found in data base : adnan_1605
2023-01-11_21-14-36 [http-nio-8400-exec-4] INFO  c.c.a.c.JwtAuthenticationController - org.springframework.security.core.userdetails.User [Username=adnan_1605, Password=[PROTECTED], Enabled=true, AccountNonExpired=true, credentialsNonExpired=true, AccountNonLocked=true, Granted Authorities=[ROLE_ADMIN, ROLE_USER]]
2023-01-11_21-14-36 [http-nio-8400-exec-7] INFO  c.c.a.filter.JwtAuthFilter - null
2023-01-11_21-14-36 [http-nio-8400-exec-8] INFO  c.c.a.filter.JwtAuthFilter - null
2023-01-11_21-14-36 [http-nio-8400-exec-8] INFO  c.c.a.service.UserServiceImpl - user found in data base : adnan_1605
2023-01-11_21-14-36 [http-nio-8400-exec-10] INFO  c.c.a.filter.JwtAuthFilter - null
2023-01-11_21-14-36 [http-nio-8400-exec-10] INFO  c.c.a.service.UserServiceImpl - user found in data base : adnan_1605
2023-01-11_21-14-36 [http-nio-8400-exec-2] INFO  c.c.a.filter.JwtAuthFilter - null
2023-01-11_21-14-36 [http-nio-8400-exec-2] INFO  c.c.a.service.UserServiceImpl - user found in data base : adnan_1605
2023-01-11_21-14-36 [http-nio-8400-exec-4] INFO  c.c.a.filter.JwtAuthFilter - null
2023-01-11_21-14-36 [http-nio-8400-exec-4] INFO  c.c.a.service.UserServiceImpl - user found in data base : adnan_1605
2023-01-11_21-14-36 [http-nio-8400-exec-5] INFO  c.c.a.filter.JwtAuthFilter - null
2023-01-11_21-14-36 [http-nio-8400-exec-5] INFO  c.c.a.service.UserServiceImpl - user found in data base : adnan_1605
2023-01-11_21-14-36 [http-nio-8400-exec-6] INFO  c.c.a.filter.JwtAuthFilter - null
2023-01-11_21-14-36 [http-nio-8400-exec-8] INFO  c.c.a.filter.JwtAuthFilter - null
2023-01-11_21-14-36 [http-nio-8400-exec-8] INFO  c.c.a.service.UserServiceImpl - user found in data base : adnan_1605
2023-01-11_21-14-36 [http-nio-8400-exec-10] INFO  c.c.a.filter.JwtAuthFilter - null
2023-01-11_21-14-36 [http-nio-8400-exec-10] INFO  c.c.a.service.UserServiceImpl - user found in data base : adnan_1605
2023-01-11_21-14-36 [SpringContextShutdownHook] INFO  o.s.s.c.ThreadPoolTaskExecutor - Shutting down ExecutorService 'applicationTaskExecutor'
2023-01-11_21-14-36 [SpringContextShutdownHook] INFO  o.s.o.j.LocalContainerEntityManagerFactoryBean - Closing JPA EntityManagerFactory for persistence unit 'default'
2023-01-11_21-14-36 [SpringContextShutdownHook] INFO  com.zaxxer.hikari.HikariDataSource - HikariPool-1 - Shutdown initiated...
2023-01-11_21-14-36 [SpringContextShutdownHook] INFO  com.zaxxer.hikari.HikariDataSource - HikariPool-1 - Shutdown completed.
